<?xml version="1.0" encoding="UTF-8"?>
<testsuite name="org.mule.modules.trello.automation.functional.GetCardsByIdTestCase" time="0.008" tests="1" errors="1" skipped="0" failures="0">
  <properties>
[...]
</properties>
  <testcase name="testGetCardsById" classname="org.mule.modules.trello.automation.functional.GetCardsByIdTestCase" time="0.008">
    <error message="Unresolved compilation problem: &#10;	The constructor AbstractTestCase&lt;TrelloConnector&gt;(Class&lt;TrelloConnector&gt;) is undefined&#10;" type="java.lang.Error"><![CDATA[java.lang.Error: Unresolved compilation problem: 
	The constructor AbstractTestCase<TrelloConnector>(Class<TrelloConnector>) is undefined

	at org.mule.modules.trello.automation.functional.TrelloAbstractTestcases.<init>(TrelloAbstractTestcases.java:78)
	at org.mule.modules.trello.automation.functional.GetCardsByIdTestCase.<init>(GetCardsByIdTestCase.java:18)
]]></error>
  </testcase>
</testsuite>